# JRE version: OpenJDK Runtime Environment (11.0.11+9) (build 11.0.11+9-b60-7590822)
# Java VM: OpenJDK 64-Bit Server VM (11.0.11+9-b60-7590822, mixed mode, tiered, compressed oops, g1 gc, windows-amd64)
Heap:
 garbage-first heap   total 285696K, used 186523K [0x0000000080000000, 0x0000000100000000)
  region size 1024K, 20 young (20480K), 6 survivors (6144K)
 Metaspace       used 133277K, capacity 136377K, committed 137252K, reserved 1169408K
  class space    used 16311K, capacity 17470K, committed 17740K, reserved 1048576K
GC Heap History (20 events):
Event: 4252.446 GC heap before
{Heap before GC invocations=104 (full 0):
 garbage-first heap   total 189440K, used 163526K [0x0000000080000000, 0x0000000100000000)
  region size 1024K, 10 young (10240K), 2 survivors (2048K)
 Metaspace       used 126384K, capacity 129261K, committed 130468K, reserved 1163264K
  class space    used 15666K, capacity 16758K, committed 17100K, reserved 1048576K
}
Event: 4252.450 GC heap after
{Heap after GC invocations=105 (full 0):
 garbage-first heap   total 189440K, used 156180K [0x0000000080000000, 0x0000000100000000)
  region size 1024K, 1 young (1024K), 1 survivors (1024K)
 Metaspace       used 126384K, capacity 129261K, committed 130468K, reserved 1163264K
  class space    used 15666K, capacity 16758K, committed 17100K, reserved 1048576K
}
Event: 4252.740 GC heap before
{Heap before GC invocations=106 (full 0):
 garbage-first heap   total 189440K, used 163348K [0x0000000080000000, 0x0000000100000000)
  region size 1024K, 9 young (9216K), 1 survivors (1024K)
 Metaspace       used 126705K, capacity 129681K, committed 130724K, reserved 1163264K
  class space    used 15696K, capacity 16812K, committed 17100K, reserved 1048576K
}
Event: 4252.744 GC heap after
{Heap after GC invocations=107 (full 0):
 garbage-first heap   total 189440K, used 156828K [0x0000000080000000, 0x0000000100000000)
  region size 1024K, 2 young (2048K), 2 survivors (2048K)
 Metaspace       used 126705K, capacity 129681K, committed 130724K, reserved 1163264K
  class space    used 15696K, capacity 16812K, committed 17100K, reserved 1048576K
}
Event: 4252.957 GC heap before
{Heap before GC invocations=107 (full 0):
 garbage-first heap   total 189440K, used 172188K [0x0000000080000000, 0x0000000100000000)
  region size 1024K, 9 young (9216K), 2 survivors (2048K)
 Metaspace       used 126748K, capacity 129745K, committed 130980K, reserved 1163264K
  class space    used 15699K, capacity 16812K, committed 17100K, reserved 1048576K
}
Event: 4252.969 GC heap after
{Heap after GC invocations=108 (full 0):
 garbage-first heap   total 189440K, used 155785K [0x0000000080000000, 0x0000000100000000)
  region size 1024K, 1 young (1024K), 1 survivors (1024K)
 Metaspace       used 126748K, capacity 129745K, committed 130980K, reserved 1163264K
  class space    used 15699K, capacity 16812K, committed 17100K, reserved 1048576K
}
Event: 4253.189 GC heap before
{Heap before GC invocations=108 (full 0):
 garbage-first heap   total 189440K, used 163977K [0x0000000080000000, 0x0000000100000000)
  region size 1024K, 9 young (9216K), 1 survivors (1024K)
 Metaspace       used 126773K, capacity 129746K, committed 130980K, reserved 1163264K
  class space    used 15699K, capacity 16812K, committed 17100K, reserved 1048576K
}
Event: 4253.199 GC heap after
{Heap after GC invocations=109 (full 0):
 garbage-first heap   total 227328K, used 156828K [0x0000000080000000, 0x0000000100000000)
  region size 1024K, 2 young (2048K), 2 survivors (2048K)
 Metaspace       used 126773K, capacity 129746K, committed 130980K, reserved 1163264K
  class space    used 15699K, capacity 16812K, committed 17100K, reserved 1048576K
}
Event: 4253.938 GC heap before
{Heap before GC invocations=110 (full 0):
 garbage-first heap   total 227328K, used 179356K [0x0000000080000000, 0x0000000100000000)
  region size 1024K, 24 young (24576K), 2 survivors (2048K)
 Metaspace       used 128925K, capacity 131979K, committed 133028K, reserved 1165312K
  class space    used 15989K, capacity 17134K, committed 17356K, reserved 1048576K
}
Event: 4253.949 GC heap after
{Heap after GC invocations=111 (full 0):
 garbage-first heap   total 227328K, used 158640K [0x0000000080000000, 0x0000000100000000)
  region size 1024K, 3 young (3072K), 3 survivors (3072K)
 Metaspace       used 128925K, capacity 131979K, committed 133028K, reserved 1165312K
  class space    used 15989K, capacity 17134K, committed 17356K, reserved 1048576K
}
Event: 4254.263 GC heap before
{Heap before GC invocations=111 (full 0):
 garbage-first heap   total 227328K, used 182192K [0x0000000080000000, 0x0000000100000000)
  region size 1024K, 26 young (26624K), 3 survivors (3072K)
 Metaspace       used 128934K, capacity 131979K, committed 133028K, reserved 1165312K
  class space    used 15989K, capacity 17134K, committed 17356K, reserved 1048576K
}
Event: 4254.270 GC heap after
{Heap after GC invocations=112 (full 0):
 garbage-first heap   total 227328K, used 158761K [0x0000000080000000, 0x0000000100000000)
  region size 1024K, 2 young (2048K), 2 survivors (2048K)
 Metaspace       used 128934K, capacity 131979K, committed 133028K, reserved 1165312K
  class space    used 15989K, capacity 17134K, committed 17356K, reserved 1048576K
}
Event: 4254.435 GC heap before
{Heap before GC invocations=112 (full 0):
 garbage-first heap   total 227328K, used 183337K [0x0000000080000000, 0x0000000100000000)
  region size 1024K, 26 young (26624K), 2 survivors (2048K)
 Metaspace       used 128936K, capacity 131979K, committed 133028K, reserved 1165312K
  class space    used 15989K, capacity 17134K, committed 17356K, reserved 1048576K
}
Event: 4254.439 GC heap after
{Heap after GC invocations=113 (full 0):
 garbage-first heap   total 227328K, used 158624K [0x0000000080000000, 0x0000000100000000)
  region size 1024K, 2 young (2048K), 2 survivors (2048K)
 Metaspace       used 128936K, capacity 131979K, committed 133028K, reserved 1165312K
  class space    used 15989K, capacity 17134K, committed 17356K, reserved 1048576K
}
Event: 4255.005 GC heap before
{Heap before GC invocations=114 (full 0):
 garbage-first heap   total 227328K, used 170912K [0x0000000080000000, 0x0000000100000000)
  region size 1024K, 15 young (15360K), 2 survivors (2048K)
 Metaspace       used 129022K, capacity 132049K, committed 133028K, reserved 1165312K
  class space    used 15997K, capacity 17136K, committed 17356K, reserved 1048576K
}
Event: 4255.019 GC heap after
{Heap after GC invocations=115 (full 0):
 garbage-first heap   total 227328K, used 163445K [0x0000000080000000, 0x0000000100000000)
  region size 1024K, 4 young (4096K), 4 survivors (4096K)
 Metaspace       used 129022K, capacity 132049K, committed 133028K, reserved 1165312K
  class space    used 15997K, capacity 17136K, committed 17356K, reserved 1048576K
}
Event: 4255.628 GC heap before
{Heap before GC invocations=116 (full 0):
 garbage-first heap   total 227328K, used 199285K [0x0000000080000000, 0x0000000100000000)
  region size 1024K, 25 young (25600K), 4 survivors (4096K)
 Metaspace       used 129362K, capacity 132415K, committed 133412K, reserved 1165312K
  class space    used 16023K, capacity 17182K, committed 17484K, reserved 1048576K
}
Event: 4255.640 GC heap after
{Heap after GC invocations=117 (full 0):
 garbage-first heap   total 285696K, used 166171K [0x0000000080000000, 0x0000000100000000)
  region size 1024K, 3 young (3072K), 3 survivors (3072K)
 Metaspace       used 129362K, capacity 132415K, committed 133412K, reserved 1165312K
  class space    used 16023K, capacity 17182K, committed 17484K, reserved 1048576K
}
Event: 4256.599 GC heap before
{Heap before GC invocations=117 (full 0):
 garbage-first heap   total 285696K, used 206107K [0x0000000080000000, 0x0000000100000000)
  region size 1024K, 42 young (43008K), 3 survivors (3072K)
 Metaspace       used 133097K, capacity 136153K, committed 137252K, reserved 1169408K
  class space    used 16300K, capacity 17438K, committed 17740K, reserved 1048576K
}
Event: 4256.618 GC heap after
{Heap after GC invocations=118 (full 0):
 garbage-first heap   total 285696K, used 173211K [0x0000000080000000, 0x0000000100000000)
  region size 1024K, 6 young (6144K), 6 survivors (6144K)
 Metaspace       used 133097K, capacity 136153K, committed 137252K, reserved 1169408K
  class space    used 16300K, capacity 17438K, committed 17740K, reserved 1048576K
}

